<?xml version="1.0" encoding="UTF-8"?>
<testng-results ignored="0" total="1" passed="1" failed="0" skipped="0">
  <reporter-output>
  </reporter-output>
  <suite started-at="2026-03-12T02:01:28 IST" name="Default suite" finished-at="2026-03-12T02:01:37 IST" duration-ms="8106">
    <groups>
    </groups>
    <test started-at="2026-03-12T02:01:28 IST" name="Default test" finished-at="2026-03-12T02:01:37 IST" duration-ms="8106">
      <class name="testScript.AdminUserTest">
        <test-method is-config="true" signature="browser_intialization()[pri:0, instance:testScript.AdminUserTest@4c371370]" started-at="2026-03-12T02:01:28 IST" name="browser_intialization" finished-at="2026-03-12T02:01:31 IST" duration-ms="2897" status="PASS">
          <reporter-output>
          </reporter-output>
        </test-method> <!-- browser_intialization -->
        <test-method signature="verifiedUserIsAbleToSubmitManageNews()[pri:0, instance:testScript.AdminUserTest@4c371370]" started-at="2026-03-12T02:01:31 IST" name="verifiedUserIsAbleToSubmitManageNews" finished-at="2026-03-12T02:01:37 IST" duration-ms="5145" status="PASS">
          <reporter-output>
          </reporter-output>
        </test-method> <!-- verifiedUserIsAbleToSubmitManageNews -->
      </class> <!-- testScript.AdminUserTest -->
    </test> <!-- Default test -->
  </suite> <!-- Default suite -->
</testng-results>
