<?xml version="1.0" encoding="UTF-8"?>
<testng-results ignored="0" total="1" passed="1" failed="0" skipped="0">
  <reporter-output>
  </reporter-output>
  <suite started-at="2026-03-15T11:08:45 IST" name="Default suite" finished-at="2026-03-15T11:08:59 IST" duration-ms="14355">
    <groups>
    </groups>
    <test started-at="2026-03-15T11:08:45 IST" name="Default test" finished-at="2026-03-15T11:08:59 IST" duration-ms="14355">
      <class name="testScript.ManageContactTest">
        <test-method is-config="true" signature="browser_intialization()[pri:0, instance:testScript.ManageContactTest@2a65fe7c]" started-at="2026-03-15T11:08:45 IST" name="browser_intialization" finished-at="2026-03-15T11:08:51 IST" duration-ms="6432" status="PASS">
          <reporter-output>
          </reporter-output>
        </test-method> <!-- browser_intialization -->
        <test-method signature="verifiedUserIsAbleToSubmitManageCategory()[pri:0, instance:testScript.ManageContactTest@2a65fe7c]" started-at="2026-03-15T11:08:51 IST" name="verifiedUserIsAbleToSubmitManageCategory" finished-at="2026-03-15T11:08:59 IST" duration-ms="7823" status="PASS">
          <reporter-output>
          </reporter-output>
        </test-method> <!-- verifiedUserIsAbleToSubmitManageCategory -->
      </class> <!-- testScript.ManageContactTest -->
    </test> <!-- Default test -->
  </suite> <!-- Default suite -->
</testng-results>
