<?xml version="1.0" encoding="UTF-8"?>
<!-- Generated by org.testng.reporters.JUnitXMLReporter -->
<testsuite ignored="4" hostname="DESKTOP-5KK9CUH" failures="0" tests="1" name="Default test" time="14.355" errors="0" timestamp="2026-03-15T11:08:59 IST">
  <testcase classname="testScript.ManageContactTest" name="verifiedUserIsAbleToSubmitManageCategory" time="7.823"/>
  <testcase classname="testScript.LoginTest" name="verifiedUserIsAbleToLoginWithValidCredential" time="0.0">
    <ignored/>
  </testcase> <!-- verifiedUserIsAbleToLoginWithValidCredential -->
  <testcase classname="testScript.LoginTest" name="verifiedUserIsNotAbleToLoginWithInvalidPassword" time="0.0">
    <ignored/>
  </testcase> <!-- verifiedUserIsNotAbleToLoginWithInvalidPassword -->
  <testcase classname="testScript.LoginTest" name="verifiedUserIsNotAbleToLoginWithInvalidUsername_Password" time="0.0">
    <ignored/>
  </testcase> <!-- verifiedUserIsNotAbleToLoginWithInvalidUsername_Password -->
  <testcase classname="testScript.LoginTest" name="verifiedUserIsNotAbleToLoginWithInvalidUsername" time="0.0">
    <ignored/>
  </testcase> <!-- verifiedUserIsNotAbleToLoginWithInvalidUsername -->
</testsuite> <!-- Default test -->
